g:\onedrive\game\game\x64\debug\vc142.pdb
g:\onedrive\game\game\x64\debug\vc142.idb
g:\onedrive\game\game\x64\debug\script.obj
g:\onedrive\game\game\x64\debug\playermgr.obj
g:\onedrive\game\game\x64\debug\player.obj
g:\onedrive\game\game\x64\debug\playerdb.pb.obj
g:\onedrive\game\game\x64\debug\person.pb.obj
g:\onedrive\game\game\x64\debug\tcpserver.obj
g:\onedrive\game\game\x64\debug\tcpconnecter.obj
g:\onedrive\game\game\x64\debug\monitor.obj
g:\onedrive\game\game\x64\debug\eventloop.obj
g:\onedrive\game\game\x64\debug\channel.obj
g:\onedrive\game\game\x64\debug\buffer.obj
g:\onedrive\game\game\x64\debug\msghandle.obj
g:\onedrive\game\game\x64\debug\mainthread.obj
g:\onedrive\game\game\x64\debug\main.obj
g:\onedrive\game\game\x64\debug\log.obj
g:\onedrive\game\game\x64\debug\json.obj
g:\onedrive\game\game\x64\debug\dbstorage.obj
g:\onedrive\game\game\x64\debug\codec.obj
g:\onedrive\game\game\x64\debug\bagmgr.obj
g:\onedrive\game\bin\gameser.exe
g:\onedrive\game\game\x64\debug\gameser.ilk
g:\onedrive\game\bin\gameser.pdb
g:\onedrive\game\game\x64\debug\game.tlog\cl.command.1.tlog
g:\onedrive\game\game\x64\debug\game.tlog\cl.read.1.tlog
g:\onedrive\game\game\x64\debug\game.tlog\cl.write.1.tlog
g:\onedrive\game\game\x64\debug\game.tlog\link.command.1.tlog
g:\onedrive\game\game\x64\debug\game.tlog\link.read.1.tlog
g:\onedrive\game\game\x64\debug\game.tlog\link.write.1.tlog
