f:\cpp\game\game\x64\debug\vc142.pdb
f:\cpp\game\game\x64\debug\vc142.idb
f:\cpp\game\game\x64\debug\playermgr.obj
f:\cpp\game\game\x64\debug\buffer.obj
f:\cpp\game\game\x64\debug\bagmgr.obj
f:\cpp\game\game\x64\debug\tcpserver.obj
f:\cpp\game\game\x64\debug\tcpconnecter.obj
f:\cpp\game\game\x64\debug\monitor.obj
f:\cpp\game\game\x64\debug\eventloop.obj
f:\cpp\game\game\x64\debug\channel.obj
f:\cpp\game\game\x64\debug\log.obj
f:\cpp\game\game\x64\debug\mainthread.obj
f:\cpp\game\game\x64\debug\main.obj
f:\cpp\game\game\x64\debug\codec.obj
f:\cpp\game\game\x64\debug\cell.obj
f:\cpp\game\game\x64\debug\script.obj
f:\cpp\game\game\x64\debug\player.obj
f:\cpp\game\game\x64\debug\msghandle.obj
f:\cpp\game\game\x64\debug\dbstorage.obj
f:\cpp\game\bin\game.exe
f:\cpp\game\bin\game.ilk
f:\cpp\game\bin\game.pdb
f:\cpp\game\game\x64\debug\game.tlog\cl.command.1.tlog
f:\cpp\game\game\x64\debug\game.tlog\cl.read.1.tlog
f:\cpp\game\game\x64\debug\game.tlog\cl.write.1.tlog
f:\cpp\game\game\x64\debug\game.tlog\link.command.1.tlog
f:\cpp\game\game\x64\debug\game.tlog\link.read.1.tlog
f:\cpp\game\game\x64\debug\game.tlog\link.write.1.tlog
